---------- Date: 2016-08-21 12:25:14 ~ IP : 103.57.236.189 ----------
REQUEST URI : /index.php?route=checkout/cart
MOD DETAILS:
   modFile   : /nfs/c06/h05/mnt/186571/domains/pcchandraindiaonline.com/html/vqmod/xml/remove_coupon_voucher.xml
   id        : recommendation
   version   : 1.1.x and 1.5.x
   vqmver    : 1.5.6
   author    : vqmod.com

File Name    : catalog/view/theme/*/template/checkout/cart.tpl(0)
VQModObject::applyMod - SEARCH NOT FOUND (ABORTING MOD): <td class="right"><?php echo $total['text']; ?></td>
----------------------------------------------------------------------


---------- Date: 2016-08-21 22:07:23 ~ IP : 202.142.70.59 ----------
REQUEST URI : /index.php?route=checkout/cart
MOD DETAILS:
   modFile   : /nfs/c06/h05/mnt/186571/domains/pcchandraindiaonline.com/html/vqmod/xml/remove_coupon_voucher.xml
   id        : recommendation
   version   : 1.1.x and 1.5.x
   vqmver    : 1.5.6
   author    : vqmod.com

File Name    : catalog/view/theme/*/template/checkout/cart.tpl(0)
VQModObject::applyMod - SEARCH NOT FOUND (ABORTING MOD): <td class="right"><?php echo $total['text']; ?></td>
----------------------------------------------------------------------


---------- Date: 2016-08-21 23:34:21 ~ IP : 182.66.27.147 ----------
REQUEST URI : /index.php?route=checkout/cart
MOD DETAILS:
   modFile   : /nfs/c06/h05/mnt/186571/domains/pcchandraindiaonline.com/html/vqmod/xml/remove_coupon_voucher.xml
   id        : recommendation
   version   : 1.1.x and 1.5.x
   vqmver    : 1.5.6
   author    : vqmod.com

File Name    : catalog/view/theme/*/template/checkout/cart.tpl(0)
VQModObject::applyMod - SEARCH NOT FOUND (ABORTING MOD): <td class="right"><?php echo $total['text']; ?></td>
----------------------------------------------------------------------


