---------- Date: 2016-08-30 01:03:04 ~ IP : 180.215.83.231 ----------
REQUEST URI : /index.php?route=checkout/cart
MOD DETAILS:
   modFile   : /nfs/c06/h05/mnt/186571/domains/pcchandraindiaonline.com/html/vqmod/xml/remove_coupon_voucher.xml
   id        : recommendation
   version   : 1.1.x and 1.5.x
   vqmver    : 1.5.6
   author    : vqmod.com

File Name    : catalog/view/theme/*/template/checkout/cart.tpl(0)
VQModObject::applyMod - SEARCH NOT FOUND (ABORTING MOD): <td class="right"><?php echo $total['text']; ?></td>
----------------------------------------------------------------------


---------- Date: 2016-08-30 01:03:13 ~ IP : 180.215.83.231 ----------
REQUEST URI : /index.php?route=checkout/cart
MOD DETAILS:
   modFile   : /nfs/c06/h05/mnt/186571/domains/pcchandraindiaonline.com/html/vqmod/xml/remove_coupon_voucher.xml
   id        : recommendation
   version   : 1.1.x and 1.5.x
   vqmver    : 1.5.6
   author    : vqmod.com

File Name    : catalog/view/theme/*/template/checkout/cart.tpl(0)
VQModObject::applyMod - SEARCH NOT FOUND (ABORTING MOD): <td class="right"><?php echo $total['text']; ?></td>
----------------------------------------------------------------------


---------- Date: 2016-08-30 01:03:22 ~ IP : 180.215.83.231 ----------
REQUEST URI : /index.php?route=checkout/cart
MOD DETAILS:
   modFile   : /nfs/c06/h05/mnt/186571/domains/pcchandraindiaonline.com/html/vqmod/xml/remove_coupon_voucher.xml
   id        : recommendation
   version   : 1.1.x and 1.5.x
   vqmver    : 1.5.6
   author    : vqmod.com

File Name    : catalog/view/theme/*/template/checkout/cart.tpl(0)
VQModObject::applyMod - SEARCH NOT FOUND (ABORTING MOD): <td class="right"><?php echo $total['text']; ?></td>
----------------------------------------------------------------------


---------- Date: 2016-08-30 01:04:37 ~ IP : 180.215.83.231 ----------
REQUEST URI : /index.php?route=checkout/cart
MOD DETAILS:
   modFile   : /nfs/c06/h05/mnt/186571/domains/pcchandraindiaonline.com/html/vqmod/xml/remove_coupon_voucher.xml
   id        : recommendation
   version   : 1.1.x and 1.5.x
   vqmver    : 1.5.6
   author    : vqmod.com

File Name    : catalog/view/theme/*/template/checkout/cart.tpl(0)
VQModObject::applyMod - SEARCH NOT FOUND (ABORTING MOD): <td class="right"><?php echo $total['text']; ?></td>
----------------------------------------------------------------------


---------- Date: 2016-08-30 01:05:13 ~ IP : 180.215.83.231 ----------
REQUEST URI : /index.php?route=checkout/cart
MOD DETAILS:
   modFile   : /nfs/c06/h05/mnt/186571/domains/pcchandraindiaonline.com/html/vqmod/xml/remove_coupon_voucher.xml
   id        : recommendation
   version   : 1.1.x and 1.5.x
   vqmver    : 1.5.6
   author    : vqmod.com

File Name    : catalog/view/theme/*/template/checkout/cart.tpl(0)
VQModObject::applyMod - SEARCH NOT FOUND (ABORTING MOD): <td class="right"><?php echo $total['text']; ?></td>
----------------------------------------------------------------------


---------- Date: 2016-08-30 01:05:50 ~ IP : 180.215.83.231 ----------
REQUEST URI : /index.php?route=checkout/cart
MOD DETAILS:
   modFile   : /nfs/c06/h05/mnt/186571/domains/pcchandraindiaonline.com/html/vqmod/xml/remove_coupon_voucher.xml
   id        : recommendation
   version   : 1.1.x and 1.5.x
   vqmver    : 1.5.6
   author    : vqmod.com

File Name    : catalog/view/theme/*/template/checkout/cart.tpl(0)
VQModObject::applyMod - SEARCH NOT FOUND (ABORTING MOD): <td class="right"><?php echo $total['text']; ?></td>
----------------------------------------------------------------------


---------- Date: 2016-08-30 01:05:57 ~ IP : 180.215.83.231 ----------
REQUEST URI : /index.php?route=checkout/cart
MOD DETAILS:
   modFile   : /nfs/c06/h05/mnt/186571/domains/pcchandraindiaonline.com/html/vqmod/xml/remove_coupon_voucher.xml
   id        : recommendation
   version   : 1.1.x and 1.5.x
   vqmver    : 1.5.6
   author    : vqmod.com

File Name    : catalog/view/theme/*/template/checkout/cart.tpl(0)
VQModObject::applyMod - SEARCH NOT FOUND (ABORTING MOD): <td class="right"><?php echo $total['text']; ?></td>
----------------------------------------------------------------------


---------- Date: 2016-08-30 13:32:03 ~ IP : 45.64.237.131 ----------
REQUEST URI : /index.php?route=checkout/cart
MOD DETAILS:
   modFile   : /nfs/c06/h05/mnt/186571/domains/pcchandraindiaonline.com/html/vqmod/xml/remove_coupon_voucher.xml
   id        : recommendation
   version   : 1.1.x and 1.5.x
   vqmver    : 1.5.6
   author    : vqmod.com

File Name    : catalog/view/theme/*/template/checkout/cart.tpl(0)
VQModObject::applyMod - SEARCH NOT FOUND (ABORTING MOD): <td class="right"><?php echo $total['text']; ?></td>
----------------------------------------------------------------------


---------- Date: 2016-08-30 16:09:56 ~ IP : 1.186.96.129 ----------
REQUEST URI : /index.php?route=checkout/cart
MOD DETAILS:
   modFile   : /nfs/c06/h05/mnt/186571/domains/pcchandraindiaonline.com/html/vqmod/xml/remove_coupon_voucher.xml
   id        : recommendation
   version   : 1.1.x and 1.5.x
   vqmver    : 1.5.6
   author    : vqmod.com

File Name    : catalog/view/theme/*/template/checkout/cart.tpl(0)
VQModObject::applyMod - SEARCH NOT FOUND (ABORTING MOD): <td class="right"><?php echo $total['text']; ?></td>
----------------------------------------------------------------------


---------- Date: 2016-08-30 16:12:31 ~ IP : 1.186.96.129 ----------
REQUEST URI : /index.php?route=checkout/cart
MOD DETAILS:
   modFile   : /nfs/c06/h05/mnt/186571/domains/pcchandraindiaonline.com/html/vqmod/xml/remove_coupon_voucher.xml
   id        : recommendation
   version   : 1.1.x and 1.5.x
   vqmver    : 1.5.6
   author    : vqmod.com

File Name    : catalog/view/theme/*/template/checkout/cart.tpl(0)
VQModObject::applyMod - SEARCH NOT FOUND (ABORTING MOD): <td class="right"><?php echo $total['text']; ?></td>
----------------------------------------------------------------------


---------- Date: 2016-08-30 16:12:54 ~ IP : 1.186.96.129 ----------
REQUEST URI : /index.php?route=checkout/cart
MOD DETAILS:
   modFile   : /nfs/c06/h05/mnt/186571/domains/pcchandraindiaonline.com/html/vqmod/xml/remove_coupon_voucher.xml
   id        : recommendation
   version   : 1.1.x and 1.5.x
   vqmver    : 1.5.6
   author    : vqmod.com

File Name    : catalog/view/theme/*/template/checkout/cart.tpl(0)
VQModObject::applyMod - SEARCH NOT FOUND (ABORTING MOD): <td class="right"><?php echo $total['text']; ?></td>
----------------------------------------------------------------------


