---------- Date: 2016-09-03 09:30:57 ~ IP : 210.212.65.61 ----------
REQUEST URI : /index.php?route=checkout/cart
MOD DETAILS:
   modFile   : /nfs/c06/h05/mnt/186571/domains/pcchandraindiaonline.com/html/vqmod/xml/remove_coupon_voucher.xml
   id        : recommendation
   version   : 1.1.x and 1.5.x
   vqmver    : 1.5.6
   author    : vqmod.com

File Name    : catalog/view/theme/*/template/checkout/cart.tpl(0)
VQModObject::applyMod - SEARCH NOT FOUND (ABORTING MOD): <td class="right"><?php echo $total['text']; ?></td>
----------------------------------------------------------------------


---------- Date: 2016-09-03 16:09:58 ~ IP : 1.39.38.129 ----------
REQUEST URI : /index.php?route=checkout/cart
MOD DETAILS:
   modFile   : /nfs/c06/h05/mnt/186571/domains/pcchandraindiaonline.com/html/vqmod/xml/remove_coupon_voucher.xml
   id        : recommendation
   version   : 1.1.x and 1.5.x
   vqmver    : 1.5.6
   author    : vqmod.com

File Name    : catalog/view/theme/*/template/checkout/cart.tpl(0)
VQModObject::applyMod - SEARCH NOT FOUND (ABORTING MOD): <td class="right"><?php echo $total['text']; ?></td>
----------------------------------------------------------------------


---------- Date: 2016-09-03 17:22:59 ~ IP : 203.110.242.24 ----------
REQUEST URI : /index.php?route=checkout/cart
MOD DETAILS:
   modFile   : /nfs/c06/h05/mnt/186571/domains/pcchandraindiaonline.com/html/vqmod/xml/remove_coupon_voucher.xml
   id        : recommendation
   version   : 1.1.x and 1.5.x
   vqmver    : 1.5.6
   author    : vqmod.com

File Name    : catalog/view/theme/*/template/checkout/cart.tpl(0)
VQModObject::applyMod - SEARCH NOT FOUND (ABORTING MOD): <td class="right"><?php echo $total['text']; ?></td>
----------------------------------------------------------------------


